<?xml version="1.0" encoding="UTF-8"?>
<testng-results skipped="0" failed="0" ignored="0" total="2" passed="2">
  <reporter-output>
  </reporter-output>
  <suite name="Suite" duration-ms="26118" started-at="2022-07-24T23:57:50 IST" finished-at="2022-07-24T23:58:16 IST">
    <groups>
    </groups>
    <test name="Test_Chrome" duration-ms="5454" started-at="2022-07-24T23:57:50 IST" finished-at="2022-07-24T23:57:56 IST">
      <class name="Com.LoginTest.Test_001">
        <test-method status="PASS" signature="setUp(java.lang.String)[pri:0, instance:Com.LoginTest.Test_001@4a87761d]" name="setUp" is-config="true" duration-ms="4179" started-at="2022-07-24T23:57:50 IST" finished-at="2022-07-24T23:57:54 IST">
          <params>
            <param index="0">
              <value>
                <![CDATA[Chrome]]>
              </value>
            </param>
          </params>
          <reporter-output>
          </reporter-output>
        </test-method> <!-- setUp -->
        <test-method status="PASS" signature="verifyLoginpage()[pri:0, instance:Com.LoginTest.Test_001@4a87761d]" name="verifyLoginpage" duration-ms="462" started-at="2022-07-24T23:57:54 IST" finished-at="2022-07-24T23:57:55 IST">
          <reporter-output>
          </reporter-output>
        </test-method> <!-- verifyLoginpage -->
        <test-method status="PASS" signature="tearDown()[pri:0, instance:Com.LoginTest.Test_001@4a87761d]" name="tearDown" is-config="true" duration-ms="780" started-at="2022-07-24T23:57:55 IST" finished-at="2022-07-24T23:57:56 IST">
          <reporter-output>
          </reporter-output>
        </test-method> <!-- tearDown -->
      </class> <!-- Com.LoginTest.Test_001 -->
    </test> <!-- Test_Chrome -->
    <test name="Test_Edge" duration-ms="20654" started-at="2022-07-24T23:57:56 IST" finished-at="2022-07-24T23:58:16 IST">
      <class name="Com.LoginTest.Test_001">
        <test-method status="PASS" signature="startSeup()[pri:0, instance:Com.LoginTest.Test_001@25bbf683]" name="startSeup" is-config="true" duration-ms="1241" started-at="2022-07-24T23:57:49 IST" finished-at="2022-07-24T23:57:50 IST">
          <reporter-output>
          </reporter-output>
        </test-method> <!-- startSeup -->
        <test-method status="PASS" signature="setUp(java.lang.String)[pri:0, instance:Com.LoginTest.Test_001@25bbf683]" name="setUp" is-config="true" duration-ms="19274" started-at="2022-07-24T23:57:56 IST" finished-at="2022-07-24T23:58:15 IST">
          <params>
            <param index="0">
              <value>
                <![CDATA[Edge]]>
              </value>
            </param>
          </params>
          <reporter-output>
          </reporter-output>
        </test-method> <!-- setUp -->
        <test-method status="PASS" signature="verifyLoginpage()[pri:0, instance:Com.LoginTest.Test_001@25bbf683]" name="verifyLoginpage" duration-ms="558" started-at="2022-07-24T23:58:15 IST" finished-at="2022-07-24T23:58:16 IST">
          <reporter-output>
          </reporter-output>
        </test-method> <!-- verifyLoginpage -->
        <test-method status="PASS" signature="tearDown()[pri:0, instance:Com.LoginTest.Test_001@25bbf683]" name="tearDown" is-config="true" duration-ms="816" started-at="2022-07-24T23:58:16 IST" finished-at="2022-07-24T23:58:16 IST">
          <reporter-output>
          </reporter-output>
        </test-method> <!-- tearDown -->
      </class> <!-- Com.LoginTest.Test_001 -->
    </test> <!-- Test_Edge -->
  </suite> <!-- Suite -->
</testng-results>
