<?xml version="1.0" encoding="UTF-8"?>
<testng-results skipped="0" failed="0" ignored="0" total="2" passed="2">
  <reporter-output>
  </reporter-output>
  <suite name="Suite" duration-ms="13348" started-at="2022-07-25T19:01:38 IST" finished-at="2022-07-25T19:01:51 IST">
    <groups>
    </groups>
    <test name="Test_Chrome" duration-ms="6809" started-at="2022-07-25T19:01:38 IST" finished-at="2022-07-25T19:01:45 IST">
      <class name="Com.LoginTest.Test_001">
        <test-method status="PASS" signature="setUp(java.lang.String)[pri:0, instance:Com.LoginTest.Test_001@67d48005]" name="setUp" is-config="true" duration-ms="5574" started-at="2022-07-25T19:01:38 IST" finished-at="2022-07-25T19:01:44 IST">
          <params>
            <param index="0">
              <value>
                <![CDATA[Chrome]]>
              </value>
            </param>
          </params>
          <reporter-output>
          </reporter-output>
        </test-method> <!-- setUp -->
        <test-method status="PASS" signature="verifyLoginpage()[pri:0, instance:Com.LoginTest.Test_001@67d48005]" name="verifyLoginpage" duration-ms="341" started-at="2022-07-25T19:01:44 IST" finished-at="2022-07-25T19:01:44 IST">
          <reporter-output>
          </reporter-output>
        </test-method> <!-- verifyLoginpage -->
        <test-method status="PASS" signature="tearDown()[pri:0, instance:Com.LoginTest.Test_001@67d48005]" name="tearDown" is-config="true" duration-ms="713" started-at="2022-07-25T19:01:44 IST" finished-at="2022-07-25T19:01:45 IST">
          <reporter-output>
          </reporter-output>
        </test-method> <!-- tearDown -->
      </class> <!-- Com.LoginTest.Test_001 -->
    </test> <!-- Test_Chrome -->
    <test name="Test_Edge" duration-ms="6051" started-at="2022-07-25T19:01:45 IST" finished-at="2022-07-25T19:01:51 IST">
      <class name="Com.LoginTest.Test_001">
        <test-method status="PASS" signature="startSeup()[pri:0, instance:Com.LoginTest.Test_001@1623b78d]" name="startSeup" is-config="true" duration-ms="1247" started-at="2022-07-25T19:01:37 IST" finished-at="2022-07-25T19:01:38 IST">
          <reporter-output>
          </reporter-output>
        </test-method> <!-- startSeup -->
        <test-method status="PASS" signature="setUp(java.lang.String)[pri:0, instance:Com.LoginTest.Test_001@1623b78d]" name="setUp" is-config="true" duration-ms="4773" started-at="2022-07-25T19:01:45 IST" finished-at="2022-07-25T19:01:50 IST">
          <params>
            <param index="0">
              <value>
                <![CDATA[Edge]]>
              </value>
            </param>
          </params>
          <reporter-output>
          </reporter-output>
        </test-method> <!-- setUp -->
        <test-method status="PASS" signature="verifyLoginpage()[pri:0, instance:Com.LoginTest.Test_001@1623b78d]" name="verifyLoginpage" duration-ms="321" started-at="2022-07-25T19:01:50 IST" finished-at="2022-07-25T19:01:50 IST">
          <reporter-output>
          </reporter-output>
        </test-method> <!-- verifyLoginpage -->
        <test-method status="PASS" signature="tearDown()[pri:0, instance:Com.LoginTest.Test_001@1623b78d]" name="tearDown" is-config="true" duration-ms="817" started-at="2022-07-25T19:01:51 IST" finished-at="2022-07-25T19:01:51 IST">
          <reporter-output>
          </reporter-output>
        </test-method> <!-- tearDown -->
      </class> <!-- Com.LoginTest.Test_001 -->
    </test> <!-- Test_Edge -->
  </suite> <!-- Suite -->
</testng-results>
